Arguments: 
  C:\Program Files\nodejs\node.exe C:\Users\fallenxl\AppData\Roaming\npm\node_modules\yarn\bin\yarn.js add @nestjs/passport

PATH: 
  C:\Windows\system32;C:\Windows;C:\Windows\System32\Wbem;C:\Windows\System32\WindowsPowerShell\v1.0\;C:\Windows\System32\OpenSSH\;C:\Program Files (x86)\NVIDIA Corporation\PhysX\Common;C:\Program Files\NVIDIA Corporation\NVIDIA NvDLISR;C:\Program Files\nodejs\;C:\Program Files\Git\cmd;C:\WINDOWS\system32;C:\WINDOWS;C:\WINDOWS\System32\Wbem;C:\WINDOWS\System32\WindowsPowerShell\v1.0\;C:\WINDOWS\System32\OpenSSH\;C:\Program Files\Microsoft\Web Platform Installer\;C:\composer;C:\Program Files\doctl\;C:\Program Files\Go\bin;C:\Program Files\Docker\Docker\resources\bin;C:\Users\fallenxl\.console-ninja\.bin;C:\Users\fallenxl\AppData\Local\Microsoft\WindowsApps;C:\Users\fallenxl\AppData\Local\Programs\Microsoft VS Code\bin;C:\Users\fallenxl\AppData\Roaming\npm;C:\Program Files\MySQL\MySQL Server 8.0\bin;C:\Program Files\php-8.2.12-nts-Win32-vs16-x64;C:\Users\fallenxl\AppData\Roaming\Composer\vendor\bin;C:\Program Files\JetBrains\PhpStorm 2023.2.3\bin;C:\Users\fallenxl\go\bin

Yarn version: 
  1.22.19

Node version: 
  21.0.0

Platform: 
  win32 x64

Trace: 
  Error: ENOENT: no such file or directory, lstat 'C:\Users\fallenxl\Documents\Projects\shorten-url\server\node_modules\typeorm\node_modules\minimatch\lib'

npm manifest: 
  {
    "name": "server",
    "version": "0.0.1",
    "description": "",
    "author": "",
    "private": true,
    "license": "UNLICENSED",
    "scripts": {
      "build": "nest build",
      "format": "prettier --write \"src/**/*.ts\" \"test/**/*.ts\"",
      "start": "nest start",
      "start:dev": "nest start --watch",
      "start:debug": "nest start --debug --watch",
      "start:prod": "node dist/main",
      "lint": "eslint \"{src,apps,libs,test}/**/*.ts\" --fix",
      "test": "jest",
      "test:watch": "jest --watch",
      "test:cov": "jest --coverage",
      "test:debug": "node --inspect-brk -r tsconfig-paths/register -r ts-node/register node_modules/.bin/jest --runInBand",
      "test:e2e": "jest --config ./test/jest-e2e.json"
    },
    "dependencies": {
      "@nestjs/common": "^10.0.0",
      "@nestjs/core": "^10.3.3",
      "@nestjs/jwt": "^10.2.0",
      "@nestjs/mapped-types": "*",
      "@nestjs/passport": "^10.0.3",
      "@nestjs/platform-express": "^10.0.0",
      "@nestjs/typeorm": "^10.0.2",
      "class-validator": "^0.14.1",
      "dotenv": "^16.4.5",
      "passport-github": "^1.1.0",
      "passport-google-oauth20": "^2.0.0",
      "pg": "^8.11.3",
      "reflect-metadata": "^0.1.13",
      "rxjs": "^7.8.1",
      "typeorm": "^0.3.20"
    },
    "devDependencies": {
      "@nestjs/cli": "^10.0.0",
      "@nestjs/schematics": "^10.0.0",
      "@nestjs/testing": "^10.0.0",
      "@types/express": "^4.17.17",
      "@types/jest": "^29.5.2",
      "@types/node": "^20.3.1",
      "@types/supertest": "^2.0.12",
      "@typescript-eslint/eslint-plugin": "^6.0.0",
      "@typescript-eslint/parser": "^6.0.0",
      "eslint": "^8.42.0",
      "eslint-config-prettier": "^9.0.0",
      "eslint-plugin-prettier": "^5.0.0",
      "jest": "^29.5.0",
      "morgan": "^1.10.0",
      "prettier": "^3.0.0",
      "source-map-support": "^0.5.21",
      "supertest": "^6.3.3",
      "ts-jest": "^29.1.0",
      "ts-loader": "^9.4.3",
      "ts-node": "^10.9.1",
      "tsconfig-paths": "^4.2.0",
      "typescript": "^5.1.3"
    },
    "jest": {
      "moduleFileExtensions": [
        "js",
        "json",
        "ts"
      ],
      "rootDir": "src",
      "testRegex": ".*\\.spec\\.ts$",
      "transform": {
        "^.+\\.(t|j)s$": "ts-jest"
      },
      "collectCoverageFrom": [
        "**/*.(t|j)s"
      ],
      "coverageDirectory": "../coverage",
      "testEnvironment": "node"
    }
  }

yarn manifest: 
  No manifest

Lockfile: 
  No lockfile
